<?xml version="1.0" encoding="UTF-8"?>
<!-- Generated by org.testng.reporters.JUnitXMLReporter -->
<testsuite hostname="BRIMACLAP086" ignored="0" name="Test" tests="9" failures="0" timestamp="02 May 2020 11:45:58 GMT" time="9.473" errors="0">
  <testcase name="loginPageTest" time="8.812" classname="com.test.automation.pages.ContactUsPageTest"/>
  <testcase name="registartionFormFour" time="0.0" classname="com.test.automation.pages.RegistartionPageTest"/>
  <testcase name="registartionFormOne" time="0.0" classname="com.test.automation.pages.RegistartionPageTest"/>
  <testcase name="registartionFormThree" time="0.0" classname="com.test.automation.pages.RegistartionPageTest"/>
  <testcase name="registartionFormTwo" time="0.0" classname="com.test.automation.pages.RegistartionPageTest"/>
  <testcase name="signUpFormFour" time="0.0" classname="com.test.automation.pages.SignupPageTest"/>
  <testcase name="signUpFormOne" time="0.0" classname="com.test.automation.pages.SignupPageTest"/>
  <testcase name="signUpFormThree" time="0.001" classname="com.test.automation.pages.SignupPageTest"/>
  <testcase name="signUpFormTwo" time="0.0" classname="com.test.automation.pages.SignupPageTest"/>
</testsuite> <!-- Test -->
